<?xml version="1.0" encoding="UTF-8"?>
<!-- Generated by org.testng.reporters.JUnitReportReporter -->
<testsuite hostname="Gowsalya" failures="0" tests="2" name="com.tp.sms.TeacherTest" time="12.638" errors="0" timestamp="07 May 2025 04:26:14 GMT" skipped="0">
  <testcase classname="com.tp.sms.TeacherTest" name="viewAttendance" time="6.533"/>
  <testcase classname="com.tp.sms.TeacherTest" name="testLogin" time="6.105"/>
</testsuite> <!-- com.tp.sms.TeacherTest -->
