<?xml version="1.0" encoding="UTF-8"?>
<!-- Generated by org.testng.reporters.JUnitReportReporter -->
<testsuite hostname="Gowsalya" failures="0" tests="1" name="com.tp.sms.ExamTest" time="13.626" errors="0" timestamp="07 May 2025 04:54:33 GMT" skipped="0">
  <testcase classname="com.tp.sms.ExamTest" name="createExamTest" time="13.626"/>
</testsuite> <!-- com.tp.sms.ExamTest -->
