<?xml version="1.0" encoding="UTF-8"?>
<!-- Generated by org.testng.reporters.JUnitReportReporter -->
<testsuite hostname="Gowsalya" failures="0" tests="2" name="com.tp.sms.SubjectRoutingTest" time="42.462" errors="0" timestamp="24 Apr 2025 10:10:46 GMT" skipped="0">
  <testcase classname="com.tp.sms.SubjectRoutingTest" name="verifyGradeInSubjectRoutingTest" time="26.118"/>
  <testcase classname="com.tp.sms.SubjectRoutingTest" name="createGradeTest" time="16.344"/>
</testsuite> <!-- com.tp.sms.SubjectRoutingTest -->
