<?xml version="1.0" encoding="UTF-8"?>
<!-- Generated by org.testng.reporters.JUnitReportReporter -->
<testsuite hostname="Gowsalya" failures="0" tests="1" name="com.tp.sms.AdminTest" time="4.114" errors="0" timestamp="24 Apr 2025 10:10:46 GMT" skipped="0">
  <testcase classname="com.tp.sms.AdminTest" name="verifyAdminProfileTest" time="4.114"/>
</testsuite> <!-- com.tp.sms.AdminTest -->
