<?xml version="1.0" encoding="UTF-8"?>
<!-- Generated by org.testng.reporters.JUnitReportReporter -->
<testsuite hostname="Gowsalya" failures="0" tests="1" name="com.tp.sms.TeacherTest.TeacherLoginTest" time="1.127" errors="0" timestamp="18 Apr 2025 12:25:29 GMT" skipped="0">
  <testcase classname="com.tp.sms.TeacherTest.TeacherLoginTest" name="testLogin" time="1.127"/>
</testsuite> <!-- com.tp.sms.TeacherTest.TeacherLoginTest -->
