<?xml version="1.0" encoding="UTF-8"?>
<!-- Generated by org.testng.reporters.JUnitReportReporter -->
<testsuite hostname="Gowsalya" failures="0" tests="1" name="com.tp.sms.StudentTest.StudentTest" time="2.646" errors="0" timestamp="17 Apr 2025 09:58:02 GMT" skipped="0">
  <testcase classname="com.tp.sms.StudentTest.StudentTest" name="testLogin" time="2.646"/>
</testsuite> <!-- com.tp.sms.StudentTest.StudentTest -->
