<?xml version="1.0" encoding="UTF-8"?>
<!-- Generated by org.testng.reporters.JUnitReportReporter -->
<testsuite hostname="Gowsalya" failures="0" tests="1" name="com.tp.sms.AdminTest" time="7.992" errors="0" timestamp="07 May 2025 04:26:14 GMT" skipped="0">
  <testcase classname="com.tp.sms.AdminTest" name="verifyAdminProfileTest" time="7.992"/>
</testsuite> <!-- com.tp.sms.AdminTest -->
