<?xml version="1.0" encoding="UTF-8"?>
<!-- Generated by org.testng.reporters.JUnitReportReporter -->
<testsuite hostname="Gowsalya" failures="0" tests="1" name="com.tp.sms.StudentTest" time="25.333" errors="0" timestamp="06 May 2025 10:26:41 GMT" skipped="0">
  <testcase classname="com.tp.sms.StudentTest" name="createStudentTest" time="25.333"/>
</testsuite> <!-- com.tp.sms.StudentTest -->
