<?xml version="1.0" encoding="UTF-8"?>
<!-- Generated by org.testng.reporters.JUnitReportReporter -->
<testsuite hostname="Gowsalya" failures="0" tests="1" name="com.tp.sms.StudentTest" time="25.141" errors="0" timestamp="07 May 2025 05:12:17 GMT" skipped="0">
  <testcase classname="com.tp.sms.StudentTest" name="createStudentTest" time="25.141"/>
</testsuite> <!-- com.tp.sms.StudentTest -->
