<?xml version="1.0" encoding="UTF-8"?>
<!-- Generated by org.testng.reporters.JUnitReportReporter -->
<testsuite hostname="Gowsalya" failures="0" tests="1" name="com.tp.sms.SubjectTest" time="12.755" errors="0" timestamp="07 May 2025 04:59:09 GMT" skipped="0">
  <testcase classname="com.tp.sms.SubjectTest" name="createSubjectTest" time="12.755"/>
</testsuite> <!-- com.tp.sms.SubjectTest -->
