<?xml version="1.0" encoding="UTF-8"?>
<!-- Generated by org.testng.reporters.JUnitReportReporter -->
<testsuite hostname="Gowsalya" failures="0" tests="2" name="com.tp.sms.TeacherTest" time="4.418" errors="0" timestamp="24 Apr 2025 10:10:46 GMT" skipped="0">
  <testcase classname="com.tp.sms.TeacherTest" name="testLogin" time="1.922"/>
  <testcase classname="com.tp.sms.TeacherTest" name="viewAttendance" time="2.496"/>
</testsuite> <!-- com.tp.sms.TeacherTest -->
