<?xml version="1.0" encoding="UTF-8"?>
<!-- Generated by org.testng.reporters.JUnitReportReporter -->
<testsuite hostname="Gowsalya" failures="0" tests="1" name="com.tp.sms.SubjectTest" time="6.505" errors="0" timestamp="24 Apr 2025 10:10:46 GMT" skipped="0">
  <testcase classname="com.tp.sms.SubjectTest" name="createSubjectTest" time="6.505"/>
</testsuite> <!-- com.tp.sms.SubjectTest -->
